JBHT_UAL
JBHT_UPS
JBHT_ALK
JBHT_KSU
JBHT_CSX
JBHT_LUV
JBHT_EXPD
JBHT_UNP
JBHT_AAL
JBHT_FDX
JBHT_CHRW
JBHT_NSC
JBHT_DAL
UAL_UPS
UAL_ALK
UAL_KSU
UAL_CSX
UAL_LUV
UAL_EXPD
UAL_UNP
UAL_AAL
UAL_FDX
UAL_CHRW
UAL_NSC
UAL_DAL
UPS_ALK
UPS_KSU
UPS_CSX
UPS_LUV
UPS_EXPD
UPS_UNP
UPS_AAL
UPS_FDX
UPS_CHRW
UPS_NSC
UPS_DAL
ALK_KSU
ALK_CSX
ALK_LUV
ALK_EXPD
ALK_UNP
ALK_AAL
ALK_FDX
ALK_CHRW
ALK_NSC
ALK_DAL
KSU_CSX
KSU_LUV
KSU_EXPD
KSU_UNP
KSU_AAL
KSU_FDX
KSU_CHRW
KSU_NSC
KSU_DAL
CSX_LUV
CSX_EXPD
CSX_UNP
CSX_AAL
CSX_FDX
CSX_CHRW
CSX_NSC
CSX_DAL
LUV_EXPD
LUV_UNP
LUV_AAL
LUV_FDX
LUV_CHRW
LUV_NSC
LUV_DAL
EXPD_UNP
EXPD_AAL
EXPD_FDX
EXPD_CHRW
EXPD_NSC
EXPD_DAL
UNP_AAL
UNP_FDX
UNP_CHRW
UNP_NSC
UNP_DAL
AAL_FDX
AAL_CHRW
AAL_NSC
AAL_DAL
FDX_CHRW
FDX_NSC
FDX_DAL
CHRW_NSC
CHRW_DAL
NSC_DAL
