PYPL_PCLN
PYPL_MA
PYPL_V
PYPL_FIS
PYPL_NLSN
PYPL_TSS
PYPL_AKAM
PYPL_WU
PYPL_GPN
PYPL_XRX
PYPL_PBI
PYPL_ACN
PYPL_ADS
PYPL_EBAY
PCLN_MA
PCLN_V
PCLN_FIS
PCLN_NLSN
PCLN_TSS
PCLN_AKAM
PCLN_WU
PCLN_GPN
PCLN_XRX
PCLN_PBI
PCLN_ACN
PCLN_ADS
PCLN_EBAY
MA_V
MA_FIS
MA_NLSN
MA_TSS
MA_AKAM
MA_WU
MA_GPN
MA_XRX
MA_PBI
MA_ACN
MA_ADS
MA_EBAY
V_FIS
V_NLSN
V_TSS
V_AKAM
V_WU
V_GPN
V_XRX
V_PBI
V_ACN
V_ADS
V_EBAY
FIS_NLSN
FIS_TSS
FIS_AKAM
FIS_WU
FIS_GPN
FIS_XRX
FIS_PBI
FIS_ACN
FIS_ADS
FIS_EBAY
NLSN_TSS
NLSN_AKAM
NLSN_WU
NLSN_GPN
NLSN_XRX
NLSN_PBI
NLSN_ACN
NLSN_ADS
NLSN_EBAY
TSS_AKAM
TSS_WU
TSS_GPN
TSS_XRX
TSS_PBI
TSS_ACN
TSS_ADS
TSS_EBAY
AKAM_WU
AKAM_GPN
AKAM_XRX
AKAM_PBI
AKAM_ACN
AKAM_ADS
AKAM_EBAY
WU_GPN
WU_XRX
WU_PBI
WU_ACN
WU_ADS
WU_EBAY
GPN_XRX
GPN_PBI
GPN_ACN
GPN_ADS
GPN_EBAY
XRX_PBI
XRX_ACN
XRX_ADS
XRX_EBAY
PBI_ACN
PBI_ADS
PBI_EBAY
ACN_ADS
ACN_EBAY
ADS_EBAY
