GT_WRK
GT_BLL
GT_WHR
GT_AVY
GT_CLX
GT_MHK
GT_KMB
GT_KMX
GT_AYI
GT_JCI
GT_OI
GT_AME
GT_LEG
GT_AN
WRK_BLL
WRK_WHR
WRK_AVY
WRK_CLX
WRK_MHK
WRK_KMB
WRK_KMX
WRK_AYI
WRK_JCI
WRK_OI
WRK_AME
WRK_LEG
WRK_AN
BLL_WHR
BLL_AVY
BLL_CLX
BLL_MHK
BLL_KMB
BLL_KMX
BLL_AYI
BLL_JCI
BLL_OI
BLL_AME
BLL_LEG
BLL_AN
WHR_AVY
WHR_CLX
WHR_MHK
WHR_KMB
WHR_KMX
WHR_AYI
WHR_JCI
WHR_OI
WHR_AME
WHR_LEG
WHR_AN
AVY_CLX
AVY_MHK
AVY_KMB
AVY_KMX
AVY_AYI
AVY_JCI
AVY_OI
AVY_AME
AVY_LEG
AVY_AN
CLX_MHK
CLX_KMB
CLX_KMX
CLX_AYI
CLX_JCI
CLX_OI
CLX_AME
CLX_LEG
CLX_AN
MHK_KMB
MHK_KMX
MHK_AYI
MHK_JCI
MHK_OI
MHK_AME
MHK_LEG
MHK_AN
KMB_KMX
KMB_AYI
KMB_JCI
KMB_OI
KMB_AME
KMB_LEG
KMB_AN
KMX_AYI
KMX_JCI
KMX_OI
KMX_AME
KMX_LEG
KMX_AN
AYI_JCI
AYI_OI
AYI_AME
AYI_LEG
AYI_AN
JCI_OI
JCI_AME
JCI_LEG
JCI_AN
OI_AME
OI_LEG
OI_AN
AME_LEG
AME_AN
LEG_AN
