PSEC_TCAP
PSEC_ACAS
PSEC_PFBC
PSEC_HTGC
PSEC_TOWN
PSEC_GAIN
PSEC_PGP
PSEC_WBS
PSEC_GEF
PSEC_ARCC
PSEC_BKCC
PSEC_MAIN
PSEC_HEES
PSEC_WRE
TCAP_ACAS
TCAP_PFBC
TCAP_HTGC
TCAP_TOWN
TCAP_GAIN
TCAP_PGP
TCAP_WBS
TCAP_GEF
TCAP_ARCC
TCAP_BKCC
TCAP_MAIN
TCAP_HEES
TCAP_WRE
ACAS_PFBC
ACAS_HTGC
ACAS_TOWN
ACAS_GAIN
ACAS_PGP
ACAS_WBS
ACAS_GEF
ACAS_ARCC
ACAS_BKCC
ACAS_MAIN
ACAS_HEES
ACAS_WRE
PFBC_HTGC
PFBC_TOWN
PFBC_GAIN
PFBC_PGP
PFBC_WBS
PFBC_GEF
PFBC_ARCC
PFBC_BKCC
PFBC_MAIN
PFBC_HEES
PFBC_WRE
HTGC_TOWN
HTGC_GAIN
HTGC_PGP
HTGC_WBS
HTGC_GEF
HTGC_ARCC
HTGC_BKCC
HTGC_MAIN
HTGC_HEES
HTGC_WRE
TOWN_GAIN
TOWN_PGP
TOWN_WBS
TOWN_GEF
TOWN_ARCC
TOWN_BKCC
TOWN_MAIN
TOWN_HEES
TOWN_WRE
GAIN_PGP
GAIN_WBS
GAIN_GEF
GAIN_ARCC
GAIN_BKCC
GAIN_MAIN
GAIN_HEES
GAIN_WRE
PGP_WBS
PGP_GEF
PGP_ARCC
PGP_BKCC
PGP_MAIN
PGP_HEES
PGP_WRE
WBS_GEF
WBS_ARCC
WBS_BKCC
WBS_MAIN
WBS_HEES
WBS_WRE
GEF_ARCC
GEF_BKCC
GEF_MAIN
GEF_HEES
GEF_WRE
ARCC_BKCC
ARCC_MAIN
ARCC_HEES
ARCC_WRE
BKCC_MAIN
BKCC_HEES
BKCC_WRE
MAIN_HEES
MAIN_WRE
HEES_WRE
